2025-04-29 00:54:30,538:INFO:PyCaret Supervised Module
2025-04-29 00:54:30,539:INFO:ML Usecase: classification
2025-04-29 00:54:30,542:INFO:version 2.3.10
2025-04-29 00:54:30,545:INFO:Initializing setup()
2025-04-29 00:54:30,547:INFO:setup(display=None, profile_kwargs=None, profile=False, verbose=True, silent=True, log_data=False, log_profile=False, log_plots=False, experiment_custom_tags=None, experiment_name=None, log_experiment=False, session_id=123, html=True, custom_pipeline=None, use_gpu=False, n_jobs=-1, fold_groups=None, fold_shuffle=False, fold=5, fold_strategy=stratifiedkfold, data_split_stratify=False, data_split_shuffle=True, transform_target_method=box-cox, transform_target=False, fix_imbalance_method=None, fix_imbalance=False, interaction_threshold=0.01, feature_ratio=False, feature_interaction=False, feature_selection_method=classic, feature_selection_threshold=0.8, feature_selection=False, group_names=None, group_features=None, polynomial_threshold=0.1, trigonometry_features=False, polynomial_degree=2, polynomial_features=False, cluster_iter=20, create_clusters=False, remove_perfect_collinearity=True, multicollinearity_threshold=0.9, remove_multicollinearity=False, outliers_threshold=0.05, remove_outliers=False, bin_numeric_features=None, rare_level_threshold=0.1, combine_rare_levels=False, ignore_low_variance=False, pca_components=None, pca_method=linear, pca=False, unknown_categorical_method=least_frequent, handle_unknown_categorical=True, transformation_method=yeo-johnson, transformation=False, normalize_method=zscore, normalize=False, ignore_features=None, date_features=None, numeric_iterative_imputer=lightgbm, numeric_imputation=mean, numeric_features=None, high_cardinality_method=frequency, high_cardinality_features=None, ordinal_features=None, categorical_iterative_imputer=lightgbm, categorical_imputation=constant, categorical_features=None, iterative_imputation_iters=5, imputation_type=simple, preprocess=True, test_data=None, train_size=0.7, available_plots={'parameter': 'Hyperparameters', 'auc': 'AUC', 'confusion_matrix': 'Confusion Matrix', 'threshold': 'Threshold', 'pr': 'Precision Recall', 'error': 'Prediction Error', 'class_report': 'Class Report', 'rfe': 'Feature Selection', 'learning': 'Learning Curve', 'manifold': 'Manifold Learning', 'calibration': 'Calibration Curve', 'vc': 'Validation Curve', 'dimension': 'Dimensions', 'feature': 'Feature Importance', 'feature_all': 'Feature Importance (All)', 'boundary': 'Decision Boundary', 'lift': 'Lift Chart', 'gain': 'Gain Chart', 'tree': 'Decision Tree', 'ks': 'KS Statistic Plot'}, ml_usecase=classification, target=AQI_Bucket)
2025-04-29 00:54:30,549:INFO:Checking environment
2025-04-29 00:54:30,551:INFO:python_version: 3.6.13
2025-04-29 00:54:30,552:INFO:python_build: ('default', 'Jun  4 2021 14:25:59')
2025-04-29 00:54:30,554:INFO:machine: x86_64
2025-04-29 00:54:30,558:INFO:platform: Linux-5.15.0-113-generic-x86_64-with-debian-bookworm-sid
2025-04-29 00:54:30,559:WARNING:cannot find psutil installation. memory not traceable. Install psutil using pip to enable memory logging.
2025-04-29 00:54:30,560:INFO:Checking libraries
2025-04-29 00:54:30,561:INFO:pd==1.1.5
2025-04-29 00:54:30,563:INFO:numpy==1.19.5
2025-04-29 00:54:30,568:INFO:sklearn==0.23.2
2025-04-29 00:54:30,569:INFO:lightgbm==4.3.0
2025-04-29 00:54:30,571:WARNING:catboost not found
2025-04-29 00:54:30,573:WARNING:xgboost not found
2025-04-29 00:54:30,574:INFO:mlflow==1.23.1
2025-04-29 00:54:30,577:INFO:Checking Exceptions
2025-04-29 00:54:30,579:INFO:Declaring global variables
2025-04-29 00:54:30,581:INFO:USI: f3ca
2025-04-29 00:54:30,582:INFO:pycaret_globals: {'y_test', 'dashboard_logger', 'seed', 'imputation_classifier', '_all_models', 'transform_target_method_param', 'display_container', 'fold_shuffle_param', 'fix_imbalance_param', 'y_train', 'target_param', 'y', '_ml_usecase', 'fold_groups_param', 'fold_generator', 'fold_param', 'transform_target_param', 'imputation_regressor', 'USI', 'fix_imbalance_method_param', 'X_train', 'exp_name_log', 'create_model_container', '_gpu_n_jobs_param', '_all_metrics', 'master_model_container', 'logging_param', 'fold_groups_param_full', '_all_models_internal', 'gpu_param', 'prep_pipe', '_internal_pipeline', 'experiment__', 'log_plots_param', 'html_param', 'stratify_param', 'X_test', 'iterative_imputation_iters_param', '_available_plots', 'n_jobs_param', 'pycaret_globals', 'data_before_preprocess', 'X'}
2025-04-29 00:54:30,584:INFO:Preparing display monitor
2025-04-29 00:54:30,588:INFO:Preparing display monitor
2025-04-29 00:54:30,616:INFO:Importing libraries
2025-04-29 00:54:30,616:INFO:Copying data for preprocessing
2025-04-29 00:54:30,624:INFO:Declaring preprocessing parameters
2025-04-29 00:54:30,626:INFO:Creating preprocessing pipeline
2025-04-29 00:54:30,646:INFO:Preprocessing pipeline created successfully
2025-04-29 00:54:30,646:ERROR:(Process Exit): setup has been interupted with user command 'quit'. setup must rerun.
2025-04-29 00:54:30,646:INFO:Creating global containers
2025-04-29 00:54:30,649:INFO:Internal pipeline: Pipeline(memory=None, steps=[('empty_step', 'passthrough')], verbose=False)
2025-04-29 00:54:30,922:WARNING:Couldn't import xgboost.XGBClassifier
2025-04-29 00:54:30,922:WARNING:Couldn't import catboost.CatBoostClassifier
2025-04-29 00:54:31,000:WARNING:Couldn't import xgboost.XGBClassifier
2025-04-29 00:54:31,000:WARNING:Couldn't import catboost.CatBoostClassifier
2025-04-29 00:54:31,004:INFO:Creating grid variables
2025-04-29 00:54:31,030:INFO:create_model_container: 0
2025-04-29 00:54:31,030:INFO:master_model_container: 0
2025-04-29 00:54:31,030:INFO:display_container: 1
2025-04-29 00:54:31,035:INFO:Pipeline(memory=None,
         steps=[('dtypes',
                 DataTypes_Auto_infer(categorical_features=[],
                                      display_types=False, features_todrop=[],
                                      id_columns=[],
                                      ml_usecase='classification',
                                      numerical_features=[],
                                      target='AQI_Bucket', time_features=[])),
                ('imputer',
                 Simple_Imputer(categorical_strategy='not_available',
                                fill_value_categorical=None,
                                fill_value_numerical=None,
                                numeric_...
                ('scaling', 'passthrough'), ('P_transform', 'passthrough'),
                ('binn', 'passthrough'), ('rem_outliers', 'passthrough'),
                ('cluster_all', 'passthrough'),
                ('dummy', Dummify(target='AQI_Bucket')),
                ('fix_perfect', Remove_100(target='AQI_Bucket')),
                ('clean_names', Clean_Colum_Names()),
                ('feature_select', 'passthrough'), ('fix_multi', 'passthrough'),
                ('dfs', 'passthrough'), ('pca', 'passthrough')],
         verbose=False)
2025-04-29 00:54:31,035:INFO:setup() succesfully completed......................................
2025-04-29 00:54:31,155:INFO:Initializing compare_models()
2025-04-29 00:54:31,155:INFO:compare_models(display=None, verbose=True, probability_threshold=None, experiment_custom_tags=None, groups=None, fit_kwargs=None, errors=ignore, turbo=True, budget_time=None, n_select=1, sort=Accuracy, cross_validation=True, round=4, fold=None, include=None, exclude=None)
2025-04-29 00:54:31,155:INFO:Checking exceptions
2025-04-29 00:54:31,159:INFO:Preparing display monitor
2025-04-29 00:54:31,160:INFO:Preparing display monitor
2025-04-29 00:54:31,187:INFO:Initializing Logistic Regression
2025-04-29 00:54:31,188:INFO:Total runtime is 2.666314442952474e-06 minutes
2025-04-29 00:54:31,195:INFO:SubProcess create_model() called ==================================
2025-04-29 00:54:31,195:INFO:Initializing create_model()
2025-04-29 00:54:31,197:INFO:create_model(kwargs={}, return_train_score=False, display=<pycaret.internal.Display.Display object at 0x155553a64320>, probability_threshold=None, add_to_model_list=True, experiment_custom_tags=None, metrics=None, system=False, verbose=False, refit=False, groups=None, fit_kwargs={}, predict=True, cross_validation=True, round=4, fold=StratifiedKFold(n_splits=5, random_state=None, shuffle=False), estimator=lr)
2025-04-29 00:54:31,197:INFO:Checking exceptions
2025-04-29 00:54:31,199:INFO:Importing libraries
2025-04-29 00:54:31,199:INFO:Copying training dataset
2025-04-29 00:54:31,202:INFO:Defining folds
2025-04-29 00:54:31,203:INFO:Declaring metric variables
2025-04-29 00:54:31,211:INFO:Importing untrained model
2025-04-29 00:54:31,218:INFO:Logistic Regression Imported succesfully
2025-04-29 00:54:31,232:INFO:Starting cross validation
2025-04-29 00:54:31,232:INFO:Cross validating with StratifiedKFold(n_splits=5, random_state=None, shuffle=False), n_jobs=-1
2025-04-29 00:54:36,189:INFO:Calculating mean and std
2025-04-29 00:54:36,195:INFO:Creating metrics dataframe
2025-04-29 00:54:36,207:INFO:Uploading results into container
2025-04-29 00:54:36,208:INFO:Uploading model into container now
2025-04-29 00:54:36,210:INFO:create_model_container: 1
2025-04-29 00:54:36,210:INFO:master_model_container: 1
2025-04-29 00:54:36,211:INFO:display_container: 2
2025-04-29 00:54:36,212:INFO:LogisticRegression(C=1.0, class_weight=None, dual=False, fit_intercept=True,
                   intercept_scaling=1, l1_ratio=None, max_iter=1000,
                   multi_class='auto', n_jobs=None, penalty='l2',
                   random_state=123, solver='lbfgs', tol=0.0001, verbose=0,
                   warm_start=False)
2025-04-29 00:54:36,213:INFO:create_model() succesfully completed......................................
2025-04-29 00:54:36,351:INFO:SubProcess create_model() end ==================================
2025-04-29 00:54:36,351:INFO:Creating metrics dataframe
2025-04-29 00:54:36,370:INFO:Initializing K Neighbors Classifier
2025-04-29 00:54:36,371:INFO:Total runtime is 0.08638707399368287 minutes
2025-04-29 00:54:36,381:INFO:SubProcess create_model() called ==================================
2025-04-29 00:54:36,381:INFO:Initializing create_model()
2025-04-29 00:54:36,383:INFO:create_model(kwargs={}, return_train_score=False, display=<pycaret.internal.Display.Display object at 0x155553a64320>, probability_threshold=None, add_to_model_list=True, experiment_custom_tags=None, metrics=None, system=False, verbose=False, refit=False, groups=None, fit_kwargs={}, predict=True, cross_validation=True, round=4, fold=StratifiedKFold(n_splits=5, random_state=None, shuffle=False), estimator=knn)
2025-04-29 00:54:36,383:INFO:Checking exceptions
2025-04-29 00:54:36,385:INFO:Importing libraries
2025-04-29 00:54:36,385:INFO:Copying training dataset
2025-04-29 00:54:36,387:INFO:Defining folds
2025-04-29 00:54:36,389:INFO:Declaring metric variables
2025-04-29 00:54:36,398:INFO:Importing untrained model
2025-04-29 00:54:36,406:INFO:K Neighbors Classifier Imported succesfully
2025-04-29 00:54:36,424:INFO:Starting cross validation
2025-04-29 00:54:36,425:INFO:Cross validating with StratifiedKFold(n_splits=5, random_state=None, shuffle=False), n_jobs=-1
2025-04-29 00:54:40,467:INFO:Calculating mean and std
2025-04-29 00:54:40,471:INFO:Creating metrics dataframe
2025-04-29 00:54:40,484:INFO:Uploading results into container
2025-04-29 00:54:40,484:INFO:Uploading model into container now
2025-04-29 00:54:40,486:INFO:create_model_container: 2
2025-04-29 00:54:40,486:INFO:master_model_container: 2
2025-04-29 00:54:40,489:INFO:display_container: 2
2025-04-29 00:54:40,489:INFO:KNeighborsClassifier(algorithm='auto', leaf_size=30, metric='minkowski',
                     metric_params=None, n_jobs=-1, n_neighbors=5, p=2,
                     weights='uniform')
2025-04-29 00:54:40,491:INFO:create_model() succesfully completed......................................
2025-04-29 00:54:40,629:INFO:SubProcess create_model() end ==================================
2025-04-29 00:54:40,630:INFO:Creating metrics dataframe
2025-04-29 00:54:40,652:INFO:Initializing Naive Bayes
2025-04-29 00:54:40,652:INFO:Total runtime is 0.15774577856063843 minutes
2025-04-29 00:54:40,663:INFO:SubProcess create_model() called ==================================
2025-04-29 00:54:40,663:INFO:Initializing create_model()
2025-04-29 00:54:40,665:INFO:create_model(kwargs={}, return_train_score=False, display=<pycaret.internal.Display.Display object at 0x155553a64320>, probability_threshold=None, add_to_model_list=True, experiment_custom_tags=None, metrics=None, system=False, verbose=False, refit=False, groups=None, fit_kwargs={}, predict=True, cross_validation=True, round=4, fold=StratifiedKFold(n_splits=5, random_state=None, shuffle=False), estimator=nb)
2025-04-29 00:54:40,665:INFO:Checking exceptions
2025-04-29 00:54:40,665:INFO:Importing libraries
2025-04-29 00:54:40,667:INFO:Copying training dataset
2025-04-29 00:54:40,670:INFO:Defining folds
2025-04-29 00:54:40,671:INFO:Declaring metric variables
2025-04-29 00:54:40,681:INFO:Importing untrained model
2025-04-29 00:54:40,689:INFO:Naive Bayes Imported succesfully
2025-04-29 00:54:40,707:INFO:Starting cross validation
2025-04-29 00:54:40,707:INFO:Cross validating with StratifiedKFold(n_splits=5, random_state=None, shuffle=False), n_jobs=-1
2025-04-29 00:54:40,768:INFO:Calculating mean and std
2025-04-29 00:54:40,771:INFO:Creating metrics dataframe
2025-04-29 00:54:40,783:INFO:Uploading results into container
2025-04-29 00:54:40,783:INFO:Uploading model into container now
2025-04-29 00:54:40,785:INFO:create_model_container: 3
2025-04-29 00:54:40,787:INFO:master_model_container: 3
2025-04-29 00:54:40,788:INFO:display_container: 2
2025-04-29 00:54:40,790:INFO:GaussianNB(priors=None, var_smoothing=1e-09)
2025-04-29 00:54:40,792:INFO:create_model() succesfully completed......................................
2025-04-29 00:54:40,917:INFO:SubProcess create_model() end ==================================
2025-04-29 00:54:40,918:INFO:Creating metrics dataframe
2025-04-29 00:54:40,941:INFO:Initializing Decision Tree Classifier
2025-04-29 00:54:40,941:INFO:Total runtime is 0.16256026029586793 minutes
2025-04-29 00:54:40,954:INFO:SubProcess create_model() called ==================================
2025-04-29 00:54:40,954:INFO:Initializing create_model()
2025-04-29 00:54:40,956:INFO:create_model(kwargs={}, return_train_score=False, display=<pycaret.internal.Display.Display object at 0x155553a64320>, probability_threshold=None, add_to_model_list=True, experiment_custom_tags=None, metrics=None, system=False, verbose=False, refit=False, groups=None, fit_kwargs={}, predict=True, cross_validation=True, round=4, fold=StratifiedKFold(n_splits=5, random_state=None, shuffle=False), estimator=dt)
2025-04-29 00:54:40,958:INFO:Checking exceptions
2025-04-29 00:54:40,960:INFO:Importing libraries
2025-04-29 00:54:40,963:INFO:Copying training dataset
2025-04-29 00:54:40,965:INFO:Defining folds
2025-04-29 00:54:40,966:INFO:Declaring metric variables
2025-04-29 00:54:40,978:INFO:Importing untrained model
2025-04-29 00:54:40,988:INFO:Decision Tree Classifier Imported succesfully
2025-04-29 00:54:41,005:INFO:Starting cross validation
2025-04-29 00:54:41,006:INFO:Cross validating with StratifiedKFold(n_splits=5, random_state=None, shuffle=False), n_jobs=-1
2025-04-29 00:54:41,130:INFO:Calculating mean and std
2025-04-29 00:54:41,133:INFO:Creating metrics dataframe
2025-04-29 00:54:41,146:INFO:Uploading results into container
2025-04-29 00:54:41,146:INFO:Uploading model into container now
2025-04-29 00:54:41,146:INFO:create_model_container: 4
2025-04-29 00:54:41,148:INFO:master_model_container: 4
2025-04-29 00:54:41,149:INFO:display_container: 2
2025-04-29 00:54:41,151:INFO:DecisionTreeClassifier(ccp_alpha=0.0, class_weight=None, criterion='gini',
                       max_depth=None, max_features=None, max_leaf_nodes=None,
                       min_impurity_decrease=0.0, min_impurity_split=None,
                       min_samples_leaf=1, min_samples_split=2,
                       min_weight_fraction_leaf=0.0, presort='deprecated',
                       random_state=123, splitter='best')
2025-04-29 00:54:41,152:INFO:create_model() succesfully completed......................................
2025-04-29 00:54:41,279:INFO:SubProcess create_model() end ==================================
2025-04-29 00:54:41,279:INFO:Creating metrics dataframe
2025-04-29 00:54:41,302:INFO:Initializing SVM - Linear Kernel
2025-04-29 00:54:41,302:INFO:Total runtime is 0.16857382853825886 minutes
2025-04-29 00:54:41,314:INFO:SubProcess create_model() called ==================================
2025-04-29 00:54:41,314:INFO:Initializing create_model()
2025-04-29 00:54:41,316:INFO:create_model(kwargs={}, return_train_score=False, display=<pycaret.internal.Display.Display object at 0x155553a64320>, probability_threshold=None, add_to_model_list=True, experiment_custom_tags=None, metrics=None, system=False, verbose=False, refit=False, groups=None, fit_kwargs={}, predict=True, cross_validation=True, round=4, fold=StratifiedKFold(n_splits=5, random_state=None, shuffle=False), estimator=svm)
2025-04-29 00:54:41,316:INFO:Checking exceptions
2025-04-29 00:54:41,316:INFO:Importing libraries
2025-04-29 00:54:41,317:INFO:Copying training dataset
2025-04-29 00:54:41,318:INFO:Defining folds
2025-04-29 00:54:41,319:INFO:Declaring metric variables
2025-04-29 00:54:41,328:INFO:Importing untrained model
2025-04-29 00:54:41,336:INFO:SVM - Linear Kernel Imported succesfully
2025-04-29 00:54:41,351:INFO:Starting cross validation
2025-04-29 00:54:41,352:INFO:Cross validating with StratifiedKFold(n_splits=5, random_state=None, shuffle=False), n_jobs=-1
2025-04-29 00:54:41,833:INFO:Calculating mean and std
2025-04-29 00:54:41,836:INFO:Creating metrics dataframe
2025-04-29 00:54:41,849:INFO:Uploading results into container
2025-04-29 00:54:41,849:INFO:Uploading model into container now
2025-04-29 00:54:41,851:INFO:create_model_container: 5
2025-04-29 00:54:41,851:INFO:master_model_container: 5
2025-04-29 00:54:41,853:INFO:display_container: 2
2025-04-29 00:54:41,854:INFO:SGDClassifier(alpha=0.0001, average=False, class_weight=None,
              early_stopping=False, epsilon=0.1, eta0=0.001, fit_intercept=True,
              l1_ratio=0.15, learning_rate='optimal', loss='hinge',
              max_iter=1000, n_iter_no_change=5, n_jobs=-1, penalty='l2',
              power_t=0.5, random_state=123, shuffle=True, tol=0.001,
              validation_fraction=0.1, verbose=0, warm_start=False)
2025-04-29 00:54:41,855:INFO:create_model() succesfully completed......................................
2025-04-29 00:54:41,975:INFO:SubProcess create_model() end ==================================
2025-04-29 00:54:41,976:INFO:Creating metrics dataframe
2025-04-29 00:54:42,012:INFO:Initializing Ridge Classifier
2025-04-29 00:54:42,012:INFO:Total runtime is 0.18041141827901203 minutes
2025-04-29 00:54:42,024:INFO:SubProcess create_model() called ==================================
2025-04-29 00:54:42,025:INFO:Initializing create_model()
2025-04-29 00:54:42,026:INFO:create_model(kwargs={}, return_train_score=False, display=<pycaret.internal.Display.Display object at 0x155553a64320>, probability_threshold=None, add_to_model_list=True, experiment_custom_tags=None, metrics=None, system=False, verbose=False, refit=False, groups=None, fit_kwargs={}, predict=True, cross_validation=True, round=4, fold=StratifiedKFold(n_splits=5, random_state=None, shuffle=False), estimator=ridge)
2025-04-29 00:54:42,029:INFO:Checking exceptions
2025-04-29 00:54:42,031:INFO:Importing libraries
2025-04-29 00:54:42,033:INFO:Copying training dataset
2025-04-29 00:54:42,036:INFO:Defining folds
2025-04-29 00:54:42,038:INFO:Declaring metric variables
2025-04-29 00:54:42,054:INFO:Importing untrained model
2025-04-29 00:54:42,065:INFO:Ridge Classifier Imported succesfully
2025-04-29 00:54:42,080:INFO:Starting cross validation
2025-04-29 00:54:42,081:INFO:Cross validating with StratifiedKFold(n_splits=5, random_state=None, shuffle=False), n_jobs=-1
2025-04-29 00:54:42,196:INFO:Calculating mean and std
2025-04-29 00:54:42,198:INFO:Creating metrics dataframe
2025-04-29 00:54:42,208:INFO:Uploading results into container
2025-04-29 00:54:42,208:INFO:Uploading model into container now
2025-04-29 00:54:42,208:INFO:create_model_container: 6
2025-04-29 00:54:42,208:INFO:master_model_container: 6
2025-04-29 00:54:42,208:INFO:display_container: 2
2025-04-29 00:54:42,215:INFO:RidgeClassifier(alpha=1.0, class_weight=None, copy_X=True, fit_intercept=True,
                max_iter=None, normalize=False, random_state=123, solver='auto',
                tol=0.001)
2025-04-29 00:54:42,220:INFO:create_model() succesfully completed......................................
2025-04-29 00:54:42,399:INFO:SubProcess create_model() end ==================================
2025-04-29 00:54:42,399:INFO:Creating metrics dataframe
2025-04-29 00:54:42,425:INFO:Initializing Random Forest Classifier
2025-04-29 00:54:42,425:INFO:Total runtime is 0.18729990720748899 minutes
2025-04-29 00:54:42,437:INFO:SubProcess create_model() called ==================================
2025-04-29 00:54:42,437:INFO:Initializing create_model()
2025-04-29 00:54:42,439:INFO:create_model(kwargs={}, return_train_score=False, display=<pycaret.internal.Display.Display object at 0x155553a64320>, probability_threshold=None, add_to_model_list=True, experiment_custom_tags=None, metrics=None, system=False, verbose=False, refit=False, groups=None, fit_kwargs={}, predict=True, cross_validation=True, round=4, fold=StratifiedKFold(n_splits=5, random_state=None, shuffle=False), estimator=rf)
2025-04-29 00:54:42,441:INFO:Checking exceptions
2025-04-29 00:54:42,441:INFO:Importing libraries
2025-04-29 00:54:42,443:INFO:Copying training dataset
2025-04-29 00:54:42,446:INFO:Defining folds
2025-04-29 00:54:42,448:INFO:Declaring metric variables
2025-04-29 00:54:42,456:INFO:Importing untrained model
2025-04-29 00:54:42,467:INFO:Random Forest Classifier Imported succesfully
2025-04-29 00:54:42,482:INFO:Starting cross validation
2025-04-29 00:54:42,483:INFO:Cross validating with StratifiedKFold(n_splits=5, random_state=None, shuffle=False), n_jobs=-1
2025-04-29 00:54:44,529:INFO:Calculating mean and std
2025-04-29 00:54:44,532:INFO:Creating metrics dataframe
2025-04-29 00:54:44,542:INFO:Uploading results into container
2025-04-29 00:54:44,543:INFO:Uploading model into container now
2025-04-29 00:54:44,544:INFO:create_model_container: 7
2025-04-29 00:54:44,547:INFO:master_model_container: 7
2025-04-29 00:54:44,549:INFO:display_container: 2
2025-04-29 00:54:44,551:INFO:RandomForestClassifier(bootstrap=True, ccp_alpha=0.0, class_weight=None,
                       criterion='gini', max_depth=None, max_features='auto',
                       max_leaf_nodes=None, max_samples=None,
                       min_impurity_decrease=0.0, min_impurity_split=None,
                       min_samples_leaf=1, min_samples_split=2,
                       min_weight_fraction_leaf=0.0, n_estimators=100,
                       n_jobs=-1, oob_score=False, random_state=123, verbose=0,
                       warm_start=False)
2025-04-29 00:54:44,553:INFO:create_model() succesfully completed......................................
2025-04-29 00:54:44,688:INFO:SubProcess create_model() end ==================================
2025-04-29 00:54:44,688:INFO:Creating metrics dataframe
2025-04-29 00:54:44,715:INFO:Initializing Quadratic Discriminant Analysis
2025-04-29 00:54:44,715:INFO:Total runtime is 0.22545706828435258 minutes
2025-04-29 00:54:44,724:INFO:SubProcess create_model() called ==================================
2025-04-29 00:54:44,725:INFO:Initializing create_model()
2025-04-29 00:54:44,727:INFO:create_model(kwargs={}, return_train_score=False, display=<pycaret.internal.Display.Display object at 0x155553a64320>, probability_threshold=None, add_to_model_list=True, experiment_custom_tags=None, metrics=None, system=False, verbose=False, refit=False, groups=None, fit_kwargs={}, predict=True, cross_validation=True, round=4, fold=StratifiedKFold(n_splits=5, random_state=None, shuffle=False), estimator=qda)
2025-04-29 00:54:44,727:INFO:Checking exceptions
2025-04-29 00:54:44,729:INFO:Importing libraries
2025-04-29 00:54:44,732:INFO:Copying training dataset
2025-04-29 00:54:44,737:INFO:Defining folds
2025-04-29 00:54:44,738:INFO:Declaring metric variables
2025-04-29 00:54:44,754:INFO:Importing untrained model
2025-04-29 00:54:44,762:INFO:Quadratic Discriminant Analysis Imported succesfully
2025-04-29 00:54:44,779:INFO:Starting cross validation
2025-04-29 00:54:44,780:INFO:Cross validating with StratifiedKFold(n_splits=5, random_state=None, shuffle=False), n_jobs=-1
2025-04-29 00:54:44,871:INFO:Calculating mean and std
2025-04-29 00:54:44,875:INFO:Creating metrics dataframe
2025-04-29 00:54:44,886:INFO:Uploading results into container
2025-04-29 00:54:44,887:INFO:Uploading model into container now
2025-04-29 00:54:44,889:INFO:create_model_container: 8
2025-04-29 00:54:44,891:INFO:master_model_container: 8
2025-04-29 00:54:44,893:INFO:display_container: 2
2025-04-29 00:54:44,895:INFO:QuadraticDiscriminantAnalysis(priors=None, reg_param=0.0,
                              store_covariance=False, tol=0.0001)
2025-04-29 00:54:44,896:INFO:create_model() succesfully completed......................................
2025-04-29 00:54:45,022:INFO:SubProcess create_model() end ==================================
2025-04-29 00:54:45,022:INFO:Creating metrics dataframe
2025-04-29 00:54:45,048:INFO:Initializing Ada Boost Classifier
2025-04-29 00:54:45,048:INFO:Total runtime is 0.23100678920745846 minutes
2025-04-29 00:54:45,060:INFO:SubProcess create_model() called ==================================
2025-04-29 00:54:45,060:INFO:Initializing create_model()
2025-04-29 00:54:45,062:INFO:create_model(kwargs={}, return_train_score=False, display=<pycaret.internal.Display.Display object at 0x155553a64320>, probability_threshold=None, add_to_model_list=True, experiment_custom_tags=None, metrics=None, system=False, verbose=False, refit=False, groups=None, fit_kwargs={}, predict=True, cross_validation=True, round=4, fold=StratifiedKFold(n_splits=5, random_state=None, shuffle=False), estimator=ada)
2025-04-29 00:54:45,064:INFO:Checking exceptions
2025-04-29 00:54:45,064:INFO:Importing libraries
2025-04-29 00:54:45,066:INFO:Copying training dataset
2025-04-29 00:54:45,068:INFO:Defining folds
2025-04-29 00:54:45,069:INFO:Declaring metric variables
2025-04-29 00:54:45,077:INFO:Importing untrained model
2025-04-29 00:54:45,086:INFO:Ada Boost Classifier Imported succesfully
2025-04-29 00:54:45,105:INFO:Starting cross validation
2025-04-29 00:54:45,105:INFO:Cross validating with StratifiedKFold(n_splits=5, random_state=None, shuffle=False), n_jobs=-1
2025-04-29 00:54:45,676:INFO:Calculating mean and std
2025-04-29 00:54:45,677:INFO:Creating metrics dataframe
2025-04-29 00:54:45,685:INFO:Uploading results into container
2025-04-29 00:54:45,685:INFO:Uploading model into container now
2025-04-29 00:54:45,687:INFO:create_model_container: 9
2025-04-29 00:54:45,689:INFO:master_model_container: 9
2025-04-29 00:54:45,690:INFO:display_container: 2
2025-04-29 00:54:45,693:INFO:AdaBoostClassifier(algorithm='SAMME.R', base_estimator=None, learning_rate=1.0,
                   n_estimators=50, random_state=123)
2025-04-29 00:54:45,694:INFO:create_model() succesfully completed......................................
2025-04-29 00:54:45,813:INFO:SubProcess create_model() end ==================================
2025-04-29 00:54:45,814:INFO:Creating metrics dataframe
2025-04-29 00:54:45,837:INFO:Initializing Gradient Boosting Classifier
2025-04-29 00:54:45,837:INFO:Total runtime is 0.24415800174077348 minutes
2025-04-29 00:54:45,845:INFO:SubProcess create_model() called ==================================
2025-04-29 00:54:45,845:INFO:Initializing create_model()
2025-04-29 00:54:45,847:INFO:create_model(kwargs={}, return_train_score=False, display=<pycaret.internal.Display.Display object at 0x155553a64320>, probability_threshold=None, add_to_model_list=True, experiment_custom_tags=None, metrics=None, system=False, verbose=False, refit=False, groups=None, fit_kwargs={}, predict=True, cross_validation=True, round=4, fold=StratifiedKFold(n_splits=5, random_state=None, shuffle=False), estimator=gbc)
2025-04-29 00:54:45,848:INFO:Checking exceptions
2025-04-29 00:54:45,850:INFO:Importing libraries
2025-04-29 00:54:45,852:INFO:Copying training dataset
2025-04-29 00:54:45,854:INFO:Defining folds
2025-04-29 00:54:45,855:INFO:Declaring metric variables
2025-04-29 00:54:45,863:INFO:Importing untrained model
2025-04-29 00:54:45,870:INFO:Gradient Boosting Classifier Imported succesfully
2025-04-29 00:54:45,883:INFO:Starting cross validation
2025-04-29 00:54:45,883:INFO:Cross validating with StratifiedKFold(n_splits=5, random_state=None, shuffle=False), n_jobs=-1
2025-04-29 00:54:56,364:INFO:Calculating mean and std
2025-04-29 00:54:56,366:INFO:Creating metrics dataframe
2025-04-29 00:54:56,372:INFO:Uploading results into container
2025-04-29 00:54:56,373:INFO:Uploading model into container now
2025-04-29 00:54:56,373:INFO:create_model_container: 10
2025-04-29 00:54:56,373:INFO:master_model_container: 10
2025-04-29 00:54:56,374:INFO:display_container: 2
2025-04-29 00:54:56,377:INFO:GradientBoostingClassifier(ccp_alpha=0.0, criterion='friedman_mse', init=None,
                           learning_rate=0.1, loss='deviance', max_depth=3,
                           max_features=None, max_leaf_nodes=None,
                           min_impurity_decrease=0.0, min_impurity_split=None,
                           min_samples_leaf=1, min_samples_split=2,
                           min_weight_fraction_leaf=0.0, n_estimators=100,
                           n_iter_no_change=None, presort='deprecated',
                           random_state=123, subsample=1.0, tol=0.0001,
                           validation_fraction=0.1, verbose=0,
                           warm_start=False)
2025-04-29 00:54:56,378:INFO:create_model() succesfully completed......................................
2025-04-29 00:54:56,503:INFO:SubProcess create_model() end ==================================
2025-04-29 00:54:56,503:INFO:Creating metrics dataframe
2025-04-29 00:54:56,529:INFO:Initializing Linear Discriminant Analysis
2025-04-29 00:54:56,529:INFO:Total runtime is 0.422361930211385 minutes
2025-04-29 00:54:56,537:INFO:SubProcess create_model() called ==================================
2025-04-29 00:54:56,537:INFO:Initializing create_model()
2025-04-29 00:54:56,539:INFO:create_model(kwargs={}, return_train_score=False, display=<pycaret.internal.Display.Display object at 0x155553a64320>, probability_threshold=None, add_to_model_list=True, experiment_custom_tags=None, metrics=None, system=False, verbose=False, refit=False, groups=None, fit_kwargs={}, predict=True, cross_validation=True, round=4, fold=StratifiedKFold(n_splits=5, random_state=None, shuffle=False), estimator=lda)
2025-04-29 00:54:56,539:INFO:Checking exceptions
2025-04-29 00:54:56,540:INFO:Importing libraries
2025-04-29 00:54:56,540:INFO:Copying training dataset
2025-04-29 00:54:56,542:INFO:Defining folds
2025-04-29 00:54:56,543:INFO:Declaring metric variables
2025-04-29 00:54:56,549:INFO:Importing untrained model
2025-04-29 00:54:56,556:INFO:Linear Discriminant Analysis Imported succesfully
2025-04-29 00:54:56,570:INFO:Starting cross validation
2025-04-29 00:54:56,571:INFO:Cross validating with StratifiedKFold(n_splits=5, random_state=None, shuffle=False), n_jobs=-1
2025-04-29 00:54:56,646:INFO:Calculating mean and std
2025-04-29 00:54:56,650:INFO:Creating metrics dataframe
2025-04-29 00:54:56,661:INFO:Uploading results into container
2025-04-29 00:54:56,661:INFO:Uploading model into container now
2025-04-29 00:54:56,661:INFO:create_model_container: 11
2025-04-29 00:54:56,663:INFO:master_model_container: 11
2025-04-29 00:54:56,664:INFO:display_container: 2
2025-04-29 00:54:56,666:INFO:LinearDiscriminantAnalysis(n_components=None, priors=None, shrinkage=None,
                           solver='svd', store_covariance=False, tol=0.0001)
2025-04-29 00:54:56,667:INFO:create_model() succesfully completed......................................
2025-04-29 00:54:56,787:INFO:SubProcess create_model() end ==================================
2025-04-29 00:54:56,788:INFO:Creating metrics dataframe
2025-04-29 00:54:56,811:INFO:Initializing Extra Trees Classifier
2025-04-29 00:54:56,812:INFO:Total runtime is 0.4270689964294433 minutes
2025-04-29 00:54:56,819:INFO:SubProcess create_model() called ==================================
2025-04-29 00:54:56,819:INFO:Initializing create_model()
2025-04-29 00:54:56,821:INFO:create_model(kwargs={}, return_train_score=False, display=<pycaret.internal.Display.Display object at 0x155553a64320>, probability_threshold=None, add_to_model_list=True, experiment_custom_tags=None, metrics=None, system=False, verbose=False, refit=False, groups=None, fit_kwargs={}, predict=True, cross_validation=True, round=4, fold=StratifiedKFold(n_splits=5, random_state=None, shuffle=False), estimator=et)
2025-04-29 00:54:56,823:INFO:Checking exceptions
2025-04-29 00:54:56,823:INFO:Importing libraries
2025-04-29 00:54:56,824:INFO:Copying training dataset
2025-04-29 00:54:56,825:INFO:Defining folds
2025-04-29 00:54:56,826:INFO:Declaring metric variables
2025-04-29 00:54:56,834:INFO:Importing untrained model
2025-04-29 00:54:56,841:INFO:Extra Trees Classifier Imported succesfully
2025-04-29 00:54:56,854:INFO:Starting cross validation
2025-04-29 00:54:56,855:INFO:Cross validating with StratifiedKFold(n_splits=5, random_state=None, shuffle=False), n_jobs=-1
2025-04-29 00:54:58,387:INFO:Calculating mean and std
2025-04-29 00:54:58,389:INFO:Creating metrics dataframe
2025-04-29 00:54:58,398:INFO:Uploading results into container
2025-04-29 00:54:58,399:INFO:Uploading model into container now
2025-04-29 00:54:58,400:INFO:create_model_container: 12
2025-04-29 00:54:58,400:INFO:master_model_container: 12
2025-04-29 00:54:58,402:INFO:display_container: 2
2025-04-29 00:54:58,403:INFO:ExtraTreesClassifier(bootstrap=False, ccp_alpha=0.0, class_weight=None,
                     criterion='gini', max_depth=None, max_features='auto',
                     max_leaf_nodes=None, max_samples=None,
                     min_impurity_decrease=0.0, min_impurity_split=None,
                     min_samples_leaf=1, min_samples_split=2,
                     min_weight_fraction_leaf=0.0, n_estimators=100, n_jobs=-1,
                     oob_score=False, random_state=123, verbose=0,
                     warm_start=False)
2025-04-29 00:54:58,404:INFO:create_model() succesfully completed......................................
2025-04-29 00:54:58,525:INFO:SubProcess create_model() end ==================================
2025-04-29 00:54:58,526:INFO:Creating metrics dataframe
2025-04-29 00:54:58,552:INFO:Initializing Light Gradient Boosting Machine
2025-04-29 00:54:58,553:INFO:Total runtime is 0.45608419179916376 minutes
2025-04-29 00:54:58,564:INFO:SubProcess create_model() called ==================================
2025-04-29 00:54:58,564:INFO:Initializing create_model()
2025-04-29 00:54:58,566:INFO:create_model(kwargs={}, return_train_score=False, display=<pycaret.internal.Display.Display object at 0x155553a64320>, probability_threshold=None, add_to_model_list=True, experiment_custom_tags=None, metrics=None, system=False, verbose=False, refit=False, groups=None, fit_kwargs={}, predict=True, cross_validation=True, round=4, fold=StratifiedKFold(n_splits=5, random_state=None, shuffle=False), estimator=lightgbm)
2025-04-29 00:54:58,567:INFO:Checking exceptions
2025-04-29 00:54:58,570:INFO:Importing libraries
2025-04-29 00:54:58,571:INFO:Copying training dataset
2025-04-29 00:54:58,574:INFO:Defining folds
2025-04-29 00:54:58,575:INFO:Declaring metric variables
2025-04-29 00:54:58,585:INFO:Importing untrained model
2025-04-29 00:54:58,594:INFO:Light Gradient Boosting Machine Imported succesfully
2025-04-29 00:54:58,614:INFO:Starting cross validation
2025-04-29 00:54:58,615:INFO:Cross validating with StratifiedKFold(n_splits=5, random_state=None, shuffle=False), n_jobs=-1
