2025-04-29 00:55:17,728:INFO:PyCaret Supervised Module
2025-04-29 00:55:17,732:INFO:ML Usecase: classification
2025-04-29 00:55:17,735:INFO:version 2.3.10
2025-04-29 00:55:17,735:INFO:Initializing setup()
2025-04-29 00:55:17,743:INFO:setup(display=None, profile_kwargs=None, profile=False, verbose=True, silent=True, log_data=False, log_profile=False, log_plots=False, experiment_custom_tags=None, experiment_name=None, log_experiment=False, session_id=123, html=True, custom_pipeline=None, use_gpu=False, n_jobs=-1, fold_groups=None, fold_shuffle=False, fold=5, fold_strategy=stratifiedkfold, data_split_stratify=False, data_split_shuffle=True, transform_target_method=box-cox, transform_target=False, fix_imbalance_method=None, fix_imbalance=False, interaction_threshold=0.01, feature_ratio=False, feature_interaction=False, feature_selection_method=classic, feature_selection_threshold=0.8, feature_selection=False, group_names=None, group_features=None, polynomial_threshold=0.1, trigonometry_features=False, polynomial_degree=2, polynomial_features=False, cluster_iter=20, create_clusters=False, remove_perfect_collinearity=True, multicollinearity_threshold=0.9, remove_multicollinearity=False, outliers_threshold=0.05, remove_outliers=False, bin_numeric_features=None, rare_level_threshold=0.1, combine_rare_levels=False, ignore_low_variance=False, pca_components=None, pca_method=linear, pca=False, unknown_categorical_method=least_frequent, handle_unknown_categorical=True, transformation_method=yeo-johnson, transformation=False, normalize_method=zscore, normalize=False, ignore_features=None, date_features=None, numeric_iterative_imputer=lightgbm, numeric_imputation=mean, numeric_features=None, high_cardinality_method=frequency, high_cardinality_features=None, ordinal_features=None, categorical_iterative_imputer=lightgbm, categorical_imputation=constant, categorical_features=None, iterative_imputation_iters=5, imputation_type=simple, preprocess=True, test_data=None, train_size=0.7, available_plots={'parameter': 'Hyperparameters', 'auc': 'AUC', 'confusion_matrix': 'Confusion Matrix', 'threshold': 'Threshold', 'pr': 'Precision Recall', 'error': 'Prediction Error', 'class_report': 'Class Report', 'rfe': 'Feature Selection', 'learning': 'Learning Curve', 'manifold': 'Manifold Learning', 'calibration': 'Calibration Curve', 'vc': 'Validation Curve', 'dimension': 'Dimensions', 'feature': 'Feature Importance', 'feature_all': 'Feature Importance (All)', 'boundary': 'Decision Boundary', 'lift': 'Lift Chart', 'gain': 'Gain Chart', 'tree': 'Decision Tree', 'ks': 'KS Statistic Plot'}, ml_usecase=classification, target=AQI_Bucket)
2025-04-29 00:55:17,745:INFO:Checking environment
2025-04-29 00:55:17,747:INFO:python_version: 3.6.13
2025-04-29 00:55:17,748:INFO:python_build: ('default', 'Jun  4 2021 14:25:59')
2025-04-29 00:55:17,752:INFO:machine: x86_64
2025-04-29 00:55:17,756:INFO:platform: Linux-5.15.0-113-generic-x86_64-with-debian-bookworm-sid
2025-04-29 00:55:17,758:WARNING:cannot find psutil installation. memory not traceable. Install psutil using pip to enable memory logging.
2025-04-29 00:55:17,760:INFO:Checking libraries
2025-04-29 00:55:17,764:INFO:pd==1.1.5
2025-04-29 00:55:17,767:INFO:numpy==1.19.5
2025-04-29 00:55:17,768:INFO:sklearn==0.23.2
2025-04-29 00:55:17,770:INFO:lightgbm==4.3.0
2025-04-29 00:55:17,772:WARNING:catboost not found
2025-04-29 00:55:17,773:WARNING:xgboost not found
2025-04-29 00:55:17,776:INFO:mlflow==1.23.1
2025-04-29 00:55:17,778:INFO:Checking Exceptions
2025-04-29 00:55:17,780:INFO:Declaring global variables
2025-04-29 00:55:17,781:INFO:USI: 551f
2025-04-29 00:55:17,783:INFO:pycaret_globals: {'prep_pipe', 'seed', 'X_train', '_all_models_internal', 'stratify_param', 'transform_target_method_param', 'fold_generator', 'data_before_preprocess', 'transform_target_param', '_all_metrics', '_all_models', 'fold_groups_param', 'imputation_regressor', 'imputation_classifier', 'X_test', 'experiment__', 'y_test', '_ml_usecase', 'log_plots_param', 'y_train', '_gpu_n_jobs_param', 'iterative_imputation_iters_param', 'fix_imbalance_method_param', 'dashboard_logger', 'n_jobs_param', 'pycaret_globals', '_internal_pipeline', 'fix_imbalance_param', 'fold_param', 'display_container', '_available_plots', 'target_param', 'create_model_container', 'fold_groups_param_full', 'X', 'master_model_container', 'y', 'fold_shuffle_param', 'html_param', 'gpu_param', 'logging_param', 'USI', 'exp_name_log'}
2025-04-29 00:55:17,785:INFO:Preparing display monitor
2025-04-29 00:55:17,788:INFO:Preparing display monitor
2025-04-29 00:55:17,856:INFO:Importing libraries
2025-04-29 00:55:17,856:INFO:Copying data for preprocessing
2025-04-29 00:55:17,918:INFO:Declaring preprocessing parameters
2025-04-29 00:55:17,926:INFO:Creating preprocessing pipeline
2025-04-29 00:55:18,054:INFO:Preprocessing pipeline created successfully
2025-04-29 00:55:18,060:ERROR:(Process Exit): setup has been interupted with user command 'quit'. setup must rerun.
2025-04-29 00:55:18,060:INFO:Creating global containers
2025-04-29 00:55:18,071:INFO:Internal pipeline: Pipeline(memory=None, steps=[('empty_step', 'passthrough')], verbose=False)
2025-04-29 00:55:19,276:WARNING:Couldn't import xgboost.XGBClassifier
2025-04-29 00:55:19,279:WARNING:Couldn't import catboost.CatBoostClassifier
2025-04-29 00:55:19,475:WARNING:Couldn't import xgboost.XGBClassifier
2025-04-29 00:55:19,475:WARNING:Couldn't import catboost.CatBoostClassifier
2025-04-29 00:55:19,486:INFO:Creating grid variables
2025-04-29 00:55:19,551:INFO:create_model_container: 0
2025-04-29 00:55:19,551:INFO:master_model_container: 0
2025-04-29 00:55:19,556:INFO:display_container: 1
2025-04-29 00:55:19,573:INFO:Pipeline(memory=None,
         steps=[('dtypes',
                 DataTypes_Auto_infer(categorical_features=[],
                                      display_types=False, features_todrop=[],
                                      id_columns=[],
                                      ml_usecase='classification',
                                      numerical_features=[],
                                      target='AQI_Bucket', time_features=[])),
                ('imputer',
                 Simple_Imputer(categorical_strategy='not_available',
                                fill_value_categorical=None,
                                fill_value_numerical=None,
                                numeric_...
                ('scaling', 'passthrough'), ('P_transform', 'passthrough'),
                ('binn', 'passthrough'), ('rem_outliers', 'passthrough'),
                ('cluster_all', 'passthrough'),
                ('dummy', Dummify(target='AQI_Bucket')),
                ('fix_perfect', Remove_100(target='AQI_Bucket')),
                ('clean_names', Clean_Colum_Names()),
                ('feature_select', 'passthrough'), ('fix_multi', 'passthrough'),
                ('dfs', 'passthrough'), ('pca', 'passthrough')],
         verbose=False)
2025-04-29 00:55:19,573:INFO:setup() succesfully completed......................................
2025-04-29 00:55:20,150:INFO:Initializing compare_models()
2025-04-29 00:55:20,151:INFO:compare_models(display=None, verbose=True, probability_threshold=None, experiment_custom_tags=None, groups=None, fit_kwargs=None, errors=ignore, turbo=True, budget_time=None, n_select=1, sort=Accuracy, cross_validation=True, round=4, fold=None, include=None, exclude=None)
2025-04-29 00:55:20,153:INFO:Checking exceptions
2025-04-29 00:55:20,160:INFO:Preparing display monitor
2025-04-29 00:55:20,160:INFO:Preparing display monitor
2025-04-29 00:55:20,277:INFO:Initializing Logistic Regression
2025-04-29 00:55:20,279:INFO:Total runtime is 3.215471903483073e-05 minutes
2025-04-29 00:55:20,312:INFO:SubProcess create_model() called ==================================
2025-04-29 00:55:20,312:INFO:Initializing create_model()
2025-04-29 00:55:20,315:INFO:create_model(kwargs={}, return_train_score=False, display=<pycaret.internal.Display.Display object at 0x155551d1b4e0>, probability_threshold=None, add_to_model_list=True, experiment_custom_tags=None, metrics=None, system=False, verbose=False, refit=False, groups=None, fit_kwargs={}, predict=True, cross_validation=True, round=4, fold=StratifiedKFold(n_splits=5, random_state=None, shuffle=False), estimator=lr)
2025-04-29 00:55:20,317:INFO:Checking exceptions
2025-04-29 00:55:20,319:INFO:Importing libraries
2025-04-29 00:55:20,321:INFO:Copying training dataset
2025-04-29 00:55:20,324:INFO:Defining folds
2025-04-29 00:55:20,326:INFO:Declaring metric variables
2025-04-29 00:55:20,352:INFO:Importing untrained model
2025-04-29 00:55:20,392:INFO:Logistic Regression Imported succesfully
2025-04-29 00:55:20,461:INFO:Starting cross validation
2025-04-29 00:55:20,462:INFO:Cross validating with StratifiedKFold(n_splits=5, random_state=None, shuffle=False), n_jobs=-1
2025-04-29 00:55:31,950:INFO:Calculating mean and std
2025-04-29 00:55:31,952:INFO:Creating metrics dataframe
2025-04-29 00:55:31,959:INFO:Uploading results into container
2025-04-29 00:55:31,961:INFO:Uploading model into container now
2025-04-29 00:55:31,963:INFO:create_model_container: 1
2025-04-29 00:55:31,965:INFO:master_model_container: 1
2025-04-29 00:55:31,965:INFO:display_container: 2
2025-04-29 00:55:31,968:INFO:LogisticRegression(C=1.0, class_weight=None, dual=False, fit_intercept=True,
                   intercept_scaling=1, l1_ratio=None, max_iter=1000,
                   multi_class='auto', n_jobs=None, penalty='l2',
                   random_state=123, solver='lbfgs', tol=0.0001, verbose=0,
                   warm_start=False)
2025-04-29 00:55:31,969:INFO:create_model() succesfully completed......................................
2025-04-29 00:55:32,467:INFO:SubProcess create_model() end ==================================
2025-04-29 00:55:32,467:INFO:Creating metrics dataframe
2025-04-29 00:55:32,544:INFO:Initializing K Neighbors Classifier
2025-04-29 00:55:32,545:INFO:Total runtime is 0.20446506341298423 minutes
2025-04-29 00:55:32,579:INFO:SubProcess create_model() called ==================================
2025-04-29 00:55:32,579:INFO:Initializing create_model()
2025-04-29 00:55:32,581:INFO:create_model(kwargs={}, return_train_score=False, display=<pycaret.internal.Display.Display object at 0x155551d1b4e0>, probability_threshold=None, add_to_model_list=True, experiment_custom_tags=None, metrics=None, system=False, verbose=False, refit=False, groups=None, fit_kwargs={}, predict=True, cross_validation=True, round=4, fold=StratifiedKFold(n_splits=5, random_state=None, shuffle=False), estimator=knn)
2025-04-29 00:55:32,593:INFO:Checking exceptions
2025-04-29 00:55:32,595:INFO:Importing libraries
2025-04-29 00:55:32,596:INFO:Copying training dataset
2025-04-29 00:55:32,599:INFO:Defining folds
2025-04-29 00:55:32,605:INFO:Declaring metric variables
2025-04-29 00:55:32,638:INFO:Importing untrained model
2025-04-29 00:55:32,674:INFO:K Neighbors Classifier Imported succesfully
2025-04-29 00:55:32,744:INFO:Starting cross validation
2025-04-29 00:55:32,746:INFO:Cross validating with StratifiedKFold(n_splits=5, random_state=None, shuffle=False), n_jobs=-1
2025-04-29 00:55:41,534:INFO:Calculating mean and std
2025-04-29 00:55:41,535:INFO:Creating metrics dataframe
2025-04-29 00:55:41,542:INFO:Uploading results into container
2025-04-29 00:55:41,544:INFO:Uploading model into container now
2025-04-29 00:55:41,544:INFO:create_model_container: 2
2025-04-29 00:55:41,545:INFO:master_model_container: 2
2025-04-29 00:55:41,547:INFO:display_container: 2
2025-04-29 00:55:41,549:INFO:KNeighborsClassifier(algorithm='auto', leaf_size=30, metric='minkowski',
                     metric_params=None, n_jobs=-1, n_neighbors=5, p=2,
                     weights='uniform')
2025-04-29 00:55:41,550:INFO:create_model() succesfully completed......................................
2025-04-29 00:55:42,146:INFO:SubProcess create_model() end ==================================
2025-04-29 00:55:42,146:INFO:Creating metrics dataframe
2025-04-29 00:55:42,191:INFO:Initializing Naive Bayes
2025-04-29 00:55:42,191:INFO:Total runtime is 0.3652315696080526 minutes
2025-04-29 00:55:42,205:INFO:SubProcess create_model() called ==================================
2025-04-29 00:55:42,207:INFO:Initializing create_model()
2025-04-29 00:55:42,207:INFO:create_model(kwargs={}, return_train_score=False, display=<pycaret.internal.Display.Display object at 0x155551d1b4e0>, probability_threshold=None, add_to_model_list=True, experiment_custom_tags=None, metrics=None, system=False, verbose=False, refit=False, groups=None, fit_kwargs={}, predict=True, cross_validation=True, round=4, fold=StratifiedKFold(n_splits=5, random_state=None, shuffle=False), estimator=nb)
2025-04-29 00:55:42,209:INFO:Checking exceptions
2025-04-29 00:55:42,211:INFO:Importing libraries
2025-04-29 00:55:42,213:INFO:Copying training dataset
2025-04-29 00:55:42,218:INFO:Defining folds
2025-04-29 00:55:42,219:INFO:Declaring metric variables
2025-04-29 00:55:42,235:INFO:Importing untrained model
2025-04-29 00:55:42,249:INFO:Naive Bayes Imported succesfully
2025-04-29 00:55:42,275:INFO:Starting cross validation
2025-04-29 00:55:42,277:INFO:Cross validating with StratifiedKFold(n_splits=5, random_state=None, shuffle=False), n_jobs=-1
2025-04-29 00:55:42,418:INFO:Calculating mean and std
2025-04-29 00:55:42,419:INFO:Creating metrics dataframe
2025-04-29 00:55:42,428:INFO:Uploading results into container
2025-04-29 00:55:42,430:INFO:Uploading model into container now
2025-04-29 00:55:42,430:INFO:create_model_container: 3
2025-04-29 00:55:42,435:INFO:master_model_container: 3
2025-04-29 00:55:42,440:INFO:display_container: 2
2025-04-29 00:55:42,442:INFO:GaussianNB(priors=None, var_smoothing=1e-09)
2025-04-29 00:55:42,443:INFO:create_model() succesfully completed......................................
2025-04-29 00:55:43,162:INFO:SubProcess create_model() end ==================================
2025-04-29 00:55:43,162:INFO:Creating metrics dataframe
2025-04-29 00:55:43,291:INFO:Initializing Decision Tree Classifier
2025-04-29 00:55:43,291:INFO:Total runtime is 0.3835726141929627 minutes
2025-04-29 00:55:43,330:INFO:SubProcess create_model() called ==================================
2025-04-29 00:55:43,331:INFO:Initializing create_model()
2025-04-29 00:55:43,333:INFO:create_model(kwargs={}, return_train_score=False, display=<pycaret.internal.Display.Display object at 0x155551d1b4e0>, probability_threshold=None, add_to_model_list=True, experiment_custom_tags=None, metrics=None, system=False, verbose=False, refit=False, groups=None, fit_kwargs={}, predict=True, cross_validation=True, round=4, fold=StratifiedKFold(n_splits=5, random_state=None, shuffle=False), estimator=dt)
2025-04-29 00:55:43,334:INFO:Checking exceptions
2025-04-29 00:55:43,336:INFO:Importing libraries
2025-04-29 00:55:43,338:INFO:Copying training dataset
2025-04-29 00:55:43,341:INFO:Defining folds
2025-04-29 00:55:43,341:INFO:Declaring metric variables
2025-04-29 00:55:43,377:INFO:Importing untrained model
2025-04-29 00:55:43,412:INFO:Decision Tree Classifier Imported succesfully
2025-04-29 00:55:43,497:INFO:Starting cross validation
2025-04-29 00:55:43,500:INFO:Cross validating with StratifiedKFold(n_splits=5, random_state=None, shuffle=False), n_jobs=-1
2025-04-29 00:55:44,295:INFO:Calculating mean and std
2025-04-29 00:55:44,296:INFO:Creating metrics dataframe
2025-04-29 00:55:44,303:INFO:Uploading results into container
2025-04-29 00:55:44,303:INFO:Uploading model into container now
2025-04-29 00:55:44,305:INFO:create_model_container: 4
2025-04-29 00:55:44,305:INFO:master_model_container: 4
2025-04-29 00:55:44,306:INFO:display_container: 2
2025-04-29 00:55:44,307:INFO:DecisionTreeClassifier(ccp_alpha=0.0, class_weight=None, criterion='gini',
                       max_depth=None, max_features=None, max_leaf_nodes=None,
                       min_impurity_decrease=0.0, min_impurity_split=None,
                       min_samples_leaf=1, min_samples_split=2,
                       min_weight_fraction_leaf=0.0, presort='deprecated',
                       random_state=123, splitter='best')
2025-04-29 00:55:44,308:INFO:create_model() succesfully completed......................................
2025-04-29 00:55:44,697:INFO:SubProcess create_model() end ==================================
2025-04-29 00:55:44,697:INFO:Creating metrics dataframe
2025-04-29 00:55:44,844:INFO:Initializing SVM - Linear Kernel
2025-04-29 00:55:44,846:INFO:Total runtime is 0.4094813466072083 minutes
2025-04-29 00:55:44,897:INFO:SubProcess create_model() called ==================================
2025-04-29 00:55:44,898:INFO:Initializing create_model()
2025-04-29 00:55:44,899:INFO:create_model(kwargs={}, return_train_score=False, display=<pycaret.internal.Display.Display object at 0x155551d1b4e0>, probability_threshold=None, add_to_model_list=True, experiment_custom_tags=None, metrics=None, system=False, verbose=False, refit=False, groups=None, fit_kwargs={}, predict=True, cross_validation=True, round=4, fold=StratifiedKFold(n_splits=5, random_state=None, shuffle=False), estimator=svm)
2025-04-29 00:55:44,901:INFO:Checking exceptions
2025-04-29 00:55:44,904:INFO:Importing libraries
2025-04-29 00:55:44,907:INFO:Copying training dataset
2025-04-29 00:55:44,911:INFO:Defining folds
2025-04-29 00:55:44,913:INFO:Declaring metric variables
2025-04-29 00:55:44,946:INFO:Importing untrained model
2025-04-29 00:55:44,979:INFO:SVM - Linear Kernel Imported succesfully
2025-04-29 00:55:45,046:INFO:Starting cross validation
2025-04-29 00:55:45,048:INFO:Cross validating with StratifiedKFold(n_splits=5, random_state=None, shuffle=False), n_jobs=-1
2025-04-29 00:55:46,160:INFO:Calculating mean and std
2025-04-29 00:55:46,161:INFO:Creating metrics dataframe
2025-04-29 00:55:46,177:INFO:Uploading results into container
2025-04-29 00:55:46,177:INFO:Uploading model into container now
2025-04-29 00:55:46,183:INFO:create_model_container: 5
2025-04-29 00:55:46,185:INFO:master_model_container: 5
2025-04-29 00:55:46,189:INFO:display_container: 2
2025-04-29 00:55:46,189:INFO:SGDClassifier(alpha=0.0001, average=False, class_weight=None,
              early_stopping=False, epsilon=0.1, eta0=0.001, fit_intercept=True,
              l1_ratio=0.15, learning_rate='optimal', loss='hinge',
              max_iter=1000, n_iter_no_change=5, n_jobs=-1, penalty='l2',
              power_t=0.5, random_state=123, shuffle=True, tol=0.001,
              validation_fraction=0.1, verbose=0, warm_start=False)
2025-04-29 00:55:46,191:INFO:create_model() succesfully completed......................................
2025-04-29 00:55:46,854:INFO:SubProcess create_model() end ==================================
2025-04-29 00:55:46,854:INFO:Creating metrics dataframe
2025-04-29 00:55:46,999:INFO:Initializing Ridge Classifier
2025-04-29 00:55:47,000:INFO:Total runtime is 0.445380449295044 minutes
2025-04-29 00:55:47,045:INFO:SubProcess create_model() called ==================================
2025-04-29 00:55:47,049:INFO:Initializing create_model()
2025-04-29 00:55:47,049:INFO:create_model(kwargs={}, return_train_score=False, display=<pycaret.internal.Display.Display object at 0x155551d1b4e0>, probability_threshold=None, add_to_model_list=True, experiment_custom_tags=None, metrics=None, system=False, verbose=False, refit=False, groups=None, fit_kwargs={}, predict=True, cross_validation=True, round=4, fold=StratifiedKFold(n_splits=5, random_state=None, shuffle=False), estimator=ridge)
2025-04-29 00:55:47,049:INFO:Checking exceptions
2025-04-29 00:55:47,052:INFO:Importing libraries
2025-04-29 00:55:47,054:INFO:Copying training dataset
2025-04-29 00:55:47,056:INFO:Defining folds
2025-04-29 00:55:47,058:INFO:Declaring metric variables
2025-04-29 00:55:47,088:INFO:Importing untrained model
2025-04-29 00:55:47,113:INFO:Ridge Classifier Imported succesfully
2025-04-29 00:55:47,179:INFO:Starting cross validation
2025-04-29 00:55:47,181:INFO:Cross validating with StratifiedKFold(n_splits=5, random_state=None, shuffle=False), n_jobs=-1
2025-04-29 00:55:47,311:INFO:Calculating mean and std
2025-04-29 00:55:47,313:INFO:Creating metrics dataframe
2025-04-29 00:55:47,320:INFO:Uploading results into container
2025-04-29 00:55:47,320:INFO:Uploading model into container now
2025-04-29 00:55:47,321:INFO:create_model_container: 6
2025-04-29 00:55:47,321:INFO:master_model_container: 6
2025-04-29 00:55:47,325:INFO:display_container: 2
2025-04-29 00:55:47,327:INFO:RidgeClassifier(alpha=1.0, class_weight=None, copy_X=True, fit_intercept=True,
                max_iter=None, normalize=False, random_state=123, solver='auto',
                tol=0.001)
2025-04-29 00:55:47,328:INFO:create_model() succesfully completed......................................
2025-04-29 00:55:47,938:INFO:SubProcess create_model() end ==================================
2025-04-29 00:55:47,943:INFO:Creating metrics dataframe
2025-04-29 00:55:48,035:INFO:Initializing Random Forest Classifier
2025-04-29 00:55:48,035:INFO:Total runtime is 0.46263490915298466 minutes
2025-04-29 00:55:48,064:INFO:SubProcess create_model() called ==================================
2025-04-29 00:55:48,069:INFO:Initializing create_model()
2025-04-29 00:55:48,069:INFO:create_model(kwargs={}, return_train_score=False, display=<pycaret.internal.Display.Display object at 0x155551d1b4e0>, probability_threshold=None, add_to_model_list=True, experiment_custom_tags=None, metrics=None, system=False, verbose=False, refit=False, groups=None, fit_kwargs={}, predict=True, cross_validation=True, round=4, fold=StratifiedKFold(n_splits=5, random_state=None, shuffle=False), estimator=rf)
2025-04-29 00:55:48,069:INFO:Checking exceptions
2025-04-29 00:55:48,076:INFO:Importing libraries
2025-04-29 00:55:48,078:INFO:Copying training dataset
2025-04-29 00:55:48,083:INFO:Defining folds
2025-04-29 00:55:48,088:INFO:Declaring metric variables
2025-04-29 00:55:48,130:INFO:Importing untrained model
2025-04-29 00:55:48,159:INFO:Random Forest Classifier Imported succesfully
2025-04-29 00:55:48,223:INFO:Starting cross validation
2025-04-29 00:55:48,223:INFO:Cross validating with StratifiedKFold(n_splits=5, random_state=None, shuffle=False), n_jobs=-1
2025-04-29 00:55:51,763:INFO:Calculating mean and std
2025-04-29 00:55:51,765:INFO:Creating metrics dataframe
2025-04-29 00:55:51,772:INFO:Uploading results into container
2025-04-29 00:55:51,774:INFO:Uploading model into container now
2025-04-29 00:55:51,774:INFO:create_model_container: 7
2025-04-29 00:55:51,776:INFO:master_model_container: 7
2025-04-29 00:55:51,777:INFO:display_container: 2
2025-04-29 00:55:51,781:INFO:RandomForestClassifier(bootstrap=True, ccp_alpha=0.0, class_weight=None,
                       criterion='gini', max_depth=None, max_features='auto',
                       max_leaf_nodes=None, max_samples=None,
                       min_impurity_decrease=0.0, min_impurity_split=None,
                       min_samples_leaf=1, min_samples_split=2,
                       min_weight_fraction_leaf=0.0, n_estimators=100,
                       n_jobs=-1, oob_score=False, random_state=123, verbose=0,
                       warm_start=False)
2025-04-29 00:55:51,784:INFO:create_model() succesfully completed......................................
2025-04-29 00:55:52,358:INFO:SubProcess create_model() end ==================================
2025-04-29 00:55:52,358:INFO:Creating metrics dataframe
2025-04-29 00:55:52,520:INFO:Initializing Quadratic Discriminant Analysis
2025-04-29 00:55:52,524:INFO:Total runtime is 0.5374536037445069 minutes
2025-04-29 00:55:52,563:INFO:SubProcess create_model() called ==================================
2025-04-29 00:55:52,564:INFO:Initializing create_model()
2025-04-29 00:55:52,565:INFO:create_model(kwargs={}, return_train_score=False, display=<pycaret.internal.Display.Display object at 0x155551d1b4e0>, probability_threshold=None, add_to_model_list=True, experiment_custom_tags=None, metrics=None, system=False, verbose=False, refit=False, groups=None, fit_kwargs={}, predict=True, cross_validation=True, round=4, fold=StratifiedKFold(n_splits=5, random_state=None, shuffle=False), estimator=qda)
2025-04-29 00:55:52,567:INFO:Checking exceptions
2025-04-29 00:55:52,567:INFO:Importing libraries
2025-04-29 00:55:52,570:INFO:Copying training dataset
2025-04-29 00:55:52,574:INFO:Defining folds
2025-04-29 00:55:52,576:INFO:Declaring metric variables
2025-04-29 00:55:52,598:INFO:Importing untrained model
2025-04-29 00:55:52,638:INFO:Quadratic Discriminant Analysis Imported succesfully
2025-04-29 00:55:52,692:INFO:Starting cross validation
2025-04-29 00:55:52,696:INFO:Cross validating with StratifiedKFold(n_splits=5, random_state=None, shuffle=False), n_jobs=-1
2025-04-29 00:55:52,907:INFO:Calculating mean and std
2025-04-29 00:55:52,908:INFO:Creating metrics dataframe
2025-04-29 00:55:52,915:INFO:Uploading results into container
2025-04-29 00:55:52,916:INFO:Uploading model into container now
2025-04-29 00:55:52,917:INFO:create_model_container: 8
2025-04-29 00:55:52,917:INFO:master_model_container: 8
2025-04-29 00:55:52,921:INFO:display_container: 2
2025-04-29 00:55:52,921:INFO:QuadraticDiscriminantAnalysis(priors=None, reg_param=0.0,
                              store_covariance=False, tol=0.0001)
2025-04-29 00:55:52,923:INFO:create_model() succesfully completed......................................
2025-04-29 00:55:53,598:INFO:SubProcess create_model() end ==================================
2025-04-29 00:55:53,598:INFO:Creating metrics dataframe
2025-04-29 00:55:53,693:INFO:Initializing Ada Boost Classifier
2025-04-29 00:55:53,696:INFO:Total runtime is 0.5569814324378968 minutes
2025-04-29 00:55:53,730:INFO:SubProcess create_model() called ==================================
2025-04-29 00:55:53,732:INFO:Initializing create_model()
2025-04-29 00:55:53,732:INFO:create_model(kwargs={}, return_train_score=False, display=<pycaret.internal.Display.Display object at 0x155551d1b4e0>, probability_threshold=None, add_to_model_list=True, experiment_custom_tags=None, metrics=None, system=False, verbose=False, refit=False, groups=None, fit_kwargs={}, predict=True, cross_validation=True, round=4, fold=StratifiedKFold(n_splits=5, random_state=None, shuffle=False), estimator=ada)
2025-04-29 00:55:53,736:INFO:Checking exceptions
2025-04-29 00:55:53,738:INFO:Importing libraries
2025-04-29 00:55:53,740:INFO:Copying training dataset
2025-04-29 00:55:53,743:INFO:Defining folds
2025-04-29 00:55:53,743:INFO:Declaring metric variables
2025-04-29 00:55:53,766:INFO:Importing untrained model
2025-04-29 00:55:53,776:INFO:Ada Boost Classifier Imported succesfully
2025-04-29 00:55:53,817:INFO:Starting cross validation
2025-04-29 00:55:53,826:INFO:Cross validating with StratifiedKFold(n_splits=5, random_state=None, shuffle=False), n_jobs=-1
2025-04-29 00:55:57,551:INFO:Calculating mean and std
2025-04-29 00:55:57,552:INFO:Creating metrics dataframe
2025-04-29 00:55:57,560:INFO:Uploading results into container
2025-04-29 00:55:57,560:INFO:Uploading model into container now
2025-04-29 00:55:57,562:INFO:create_model_container: 9
2025-04-29 00:55:57,562:INFO:master_model_container: 9
2025-04-29 00:55:57,563:INFO:display_container: 2
2025-04-29 00:55:57,564:INFO:AdaBoostClassifier(algorithm='SAMME.R', base_estimator=None, learning_rate=1.0,
                   n_estimators=50, random_state=123)
2025-04-29 00:55:57,565:INFO:create_model() succesfully completed......................................
2025-04-29 00:55:58,168:INFO:SubProcess create_model() end ==================================
2025-04-29 00:55:58,168:INFO:Creating metrics dataframe
2025-04-29 00:55:58,304:INFO:Initializing Gradient Boosting Classifier
2025-04-29 00:55:58,308:INFO:Total runtime is 0.6338585774103801 minutes
2025-04-29 00:55:58,344:INFO:SubProcess create_model() called ==================================
2025-04-29 00:55:58,345:INFO:Initializing create_model()
2025-04-29 00:55:58,350:INFO:create_model(kwargs={}, return_train_score=False, display=<pycaret.internal.Display.Display object at 0x155551d1b4e0>, probability_threshold=None, add_to_model_list=True, experiment_custom_tags=None, metrics=None, system=False, verbose=False, refit=False, groups=None, fit_kwargs={}, predict=True, cross_validation=True, round=4, fold=StratifiedKFold(n_splits=5, random_state=None, shuffle=False), estimator=gbc)
2025-04-29 00:55:58,354:INFO:Checking exceptions
2025-04-29 00:55:58,356:INFO:Importing libraries
2025-04-29 00:55:58,358:INFO:Copying training dataset
2025-04-29 00:55:58,361:INFO:Defining folds
2025-04-29 00:55:58,362:INFO:Declaring metric variables
2025-04-29 00:55:58,394:INFO:Importing untrained model
2025-04-29 00:55:58,430:INFO:Gradient Boosting Classifier Imported succesfully
2025-04-29 00:55:58,504:INFO:Starting cross validation
2025-04-29 00:55:58,506:INFO:Cross validating with StratifiedKFold(n_splits=5, random_state=None, shuffle=False), n_jobs=-1
2025-04-29 00:57:17,637:INFO:Calculating mean and std
2025-04-29 00:57:17,639:INFO:Creating metrics dataframe
2025-04-29 00:57:17,648:INFO:Uploading results into container
2025-04-29 00:57:17,649:INFO:Uploading model into container now
2025-04-29 00:57:17,651:INFO:create_model_container: 10
2025-04-29 00:57:17,651:INFO:master_model_container: 10
2025-04-29 00:57:17,654:INFO:display_container: 2
2025-04-29 00:57:17,654:INFO:GradientBoostingClassifier(ccp_alpha=0.0, criterion='friedman_mse', init=None,
                           learning_rate=0.1, loss='deviance', max_depth=3,
                           max_features=None, max_leaf_nodes=None,
                           min_impurity_decrease=0.0, min_impurity_split=None,
                           min_samples_leaf=1, min_samples_split=2,
                           min_weight_fraction_leaf=0.0, n_estimators=100,
                           n_iter_no_change=None, presort='deprecated',
                           random_state=123, subsample=1.0, tol=0.0001,
                           validation_fraction=0.1, verbose=0,
                           warm_start=False)
2025-04-29 00:57:17,656:INFO:create_model() succesfully completed......................................
2025-04-29 00:57:18,326:INFO:SubProcess create_model() end ==================================
2025-04-29 00:57:18,327:INFO:Creating metrics dataframe
2025-04-29 00:57:18,492:INFO:Initializing Linear Discriminant Analysis
2025-04-29 00:57:18,494:INFO:Total runtime is 1.9702827890714012 minutes
2025-04-29 00:57:18,526:INFO:SubProcess create_model() called ==================================
2025-04-29 00:57:18,528:INFO:Initializing create_model()
2025-04-29 00:57:18,530:INFO:create_model(kwargs={}, return_train_score=False, display=<pycaret.internal.Display.Display object at 0x155551d1b4e0>, probability_threshold=None, add_to_model_list=True, experiment_custom_tags=None, metrics=None, system=False, verbose=False, refit=False, groups=None, fit_kwargs={}, predict=True, cross_validation=True, round=4, fold=StratifiedKFold(n_splits=5, random_state=None, shuffle=False), estimator=lda)
2025-04-29 00:57:18,534:INFO:Checking exceptions
2025-04-29 00:57:18,534:INFO:Importing libraries
2025-04-29 00:57:18,536:INFO:Copying training dataset
2025-04-29 00:57:18,539:INFO:Defining folds
2025-04-29 00:57:18,540:INFO:Declaring metric variables
2025-04-29 00:57:18,576:INFO:Importing untrained model
2025-04-29 00:57:18,608:INFO:Linear Discriminant Analysis Imported succesfully
2025-04-29 00:57:18,680:INFO:Starting cross validation
2025-04-29 00:57:18,682:INFO:Cross validating with StratifiedKFold(n_splits=5, random_state=None, shuffle=False), n_jobs=-1
2025-04-29 00:57:18,904:INFO:Calculating mean and std
2025-04-29 00:57:18,906:INFO:Creating metrics dataframe
2025-04-29 00:57:18,913:INFO:Uploading results into container
2025-04-29 00:57:18,913:INFO:Uploading model into container now
2025-04-29 00:57:18,913:INFO:create_model_container: 11
2025-04-29 00:57:18,915:INFO:master_model_container: 11
2025-04-29 00:57:18,915:INFO:display_container: 2
2025-04-29 00:57:18,917:INFO:LinearDiscriminantAnalysis(n_components=None, priors=None, shrinkage=None,
                           solver='svd', store_covariance=False, tol=0.0001)
2025-04-29 00:57:18,919:INFO:create_model() succesfully completed......................................
2025-04-29 00:57:19,566:INFO:SubProcess create_model() end ==================================
2025-04-29 00:57:19,566:INFO:Creating metrics dataframe
2025-04-29 00:57:19,678:INFO:Initializing Extra Trees Classifier
2025-04-29 00:57:19,691:INFO:Total runtime is 1.9902382651964825 minutes
2025-04-29 00:57:19,719:INFO:SubProcess create_model() called ==================================
2025-04-29 00:57:19,728:INFO:Initializing create_model()
2025-04-29 00:57:19,728:INFO:create_model(kwargs={}, return_train_score=False, display=<pycaret.internal.Display.Display object at 0x155551d1b4e0>, probability_threshold=None, add_to_model_list=True, experiment_custom_tags=None, metrics=None, system=False, verbose=False, refit=False, groups=None, fit_kwargs={}, predict=True, cross_validation=True, round=4, fold=StratifiedKFold(n_splits=5, random_state=None, shuffle=False), estimator=et)
2025-04-29 00:57:19,728:INFO:Checking exceptions
2025-04-29 00:57:19,731:INFO:Importing libraries
2025-04-29 00:57:19,733:INFO:Copying training dataset
2025-04-29 00:57:19,736:INFO:Defining folds
2025-04-29 00:57:19,738:INFO:Declaring metric variables
2025-04-29 00:57:19,765:INFO:Importing untrained model
2025-04-29 00:57:19,800:INFO:Extra Trees Classifier Imported succesfully
2025-04-29 00:57:19,863:INFO:Starting cross validation
2025-04-29 00:57:19,865:INFO:Cross validating with StratifiedKFold(n_splits=5, random_state=None, shuffle=False), n_jobs=-1
2025-04-29 00:57:22,431:INFO:Calculating mean and std
2025-04-29 00:57:22,432:INFO:Creating metrics dataframe
2025-04-29 00:57:22,439:INFO:Uploading results into container
2025-04-29 00:57:22,439:INFO:Uploading model into container now
2025-04-29 00:57:22,439:INFO:create_model_container: 12
2025-04-29 00:57:22,441:INFO:master_model_container: 12
2025-04-29 00:57:22,441:INFO:display_container: 2
2025-04-29 00:57:22,443:INFO:ExtraTreesClassifier(bootstrap=False, ccp_alpha=0.0, class_weight=None,
                     criterion='gini', max_depth=None, max_features='auto',
                     max_leaf_nodes=None, max_samples=None,
                     min_impurity_decrease=0.0, min_impurity_split=None,
                     min_samples_leaf=1, min_samples_split=2,
                     min_weight_fraction_leaf=0.0, n_estimators=100, n_jobs=-1,
                     oob_score=False, random_state=123, verbose=0,
                     warm_start=False)
2025-04-29 00:57:22,444:INFO:create_model() succesfully completed......................................
2025-04-29 00:57:22,988:INFO:SubProcess create_model() end ==================================
2025-04-29 00:57:22,989:INFO:Creating metrics dataframe
2025-04-29 00:57:23,081:INFO:Initializing Light Gradient Boosting Machine
2025-04-29 00:57:23,083:INFO:Total runtime is 2.046762732664744 minutes
2025-04-29 00:57:23,129:INFO:SubProcess create_model() called ==================================
2025-04-29 00:57:23,129:INFO:Initializing create_model()
2025-04-29 00:57:23,138:INFO:create_model(kwargs={}, return_train_score=False, display=<pycaret.internal.Display.Display object at 0x155551d1b4e0>, probability_threshold=None, add_to_model_list=True, experiment_custom_tags=None, metrics=None, system=False, verbose=False, refit=False, groups=None, fit_kwargs={}, predict=True, cross_validation=True, round=4, fold=StratifiedKFold(n_splits=5, random_state=None, shuffle=False), estimator=lightgbm)
2025-04-29 00:57:23,140:INFO:Checking exceptions
2025-04-29 00:57:23,141:INFO:Importing libraries
2025-04-29 00:57:23,143:INFO:Copying training dataset
2025-04-29 00:57:23,147:INFO:Defining folds
2025-04-29 00:57:23,151:INFO:Declaring metric variables
2025-04-29 00:57:23,172:INFO:Importing untrained model
2025-04-29 00:57:23,198:INFO:Light Gradient Boosting Machine Imported succesfully
2025-04-29 00:57:23,249:INFO:Starting cross validation
2025-04-29 00:57:23,256:INFO:Cross validating with StratifiedKFold(n_splits=5, random_state=None, shuffle=False), n_jobs=-1
